Determining if the pthread_create exist failed with the following output:
Change Dir: /home/zz/cocos2dxProject/MyGame/linux-build/CMakeFiles/CMakeTmp

Run Build Command:"/usr/bin/make" "cmTC_fcd40/fast"
/usr/bin/make -f CMakeFiles/cmTC_fcd40.dir/build.make CMakeFiles/cmTC_fcd40.dir/build
make[1]: Entering directory '/home/zz/cocos2dxProject/MyGame/linux-build/CMakeFiles/CMakeTmp'
Building C object CMakeFiles/cmTC_fcd40.dir/CheckSymbolExists.c.o
/usr/bin/cc    -o CMakeFiles/cmTC_fcd40.dir/CheckSymbolExists.c.o   -c /home/zz/cocos2dxProject/MyGame/linux-build/CMakeFiles/CMakeTmp/CheckSymbolExists.c
Linking C executable cmTC_fcd40
/usr/bin/cmake -E cmake_link_script CMakeFiles/cmTC_fcd40.dir/link.txt --verbose=1
/usr/bin/cc      CMakeFiles/cmTC_fcd40.dir/CheckSymbolExists.c.o  -o cmTC_fcd40 
CMakeFiles/cmTC_fcd40.dir/CheckSymbolExists.c.o：在函数‘main’中：
CheckSymbolExists.c:(.text+0x16)：对‘pthread_create’未定义的引用
collect2: error: ld returned 1 exit status
CMakeFiles/cmTC_fcd40.dir/build.make:97: recipe for target 'cmTC_fcd40' failed
make[1]: *** [cmTC_fcd40] Error 1
make[1]: Leaving directory '/home/zz/cocos2dxProject/MyGame/linux-build/CMakeFiles/CMakeTmp'
Makefile:126: recipe for target 'cmTC_fcd40/fast' failed
make: *** [cmTC_fcd40/fast] Error 2

File /home/zz/cocos2dxProject/MyGame/linux-build/CMakeFiles/CMakeTmp/CheckSymbolExists.c:
/* */
#include <pthread.h>

int main(int argc, char** argv)
{
  (void)argv;
#ifndef pthread_create
  return ((int*)(&pthread_create))[argc];
#else
  (void)argc;
  return 0;
#endif
}

Determining if the function pthread_create exists in the pthreads failed with the following output:
Change Dir: /home/zz/cocos2dxProject/MyGame/linux-build/CMakeFiles/CMakeTmp

Run Build Command:"/usr/bin/make" "cmTC_62ebe/fast"
/usr/bin/make -f CMakeFiles/cmTC_62ebe.dir/build.make CMakeFiles/cmTC_62ebe.dir/build
make[1]: Entering directory '/home/zz/cocos2dxProject/MyGame/linux-build/CMakeFiles/CMakeTmp'
Building C object CMakeFiles/cmTC_62ebe.dir/CheckFunctionExists.c.o
/usr/bin/cc   -DCHECK_FUNCTION_EXISTS=pthread_create   -o CMakeFiles/cmTC_62ebe.dir/CheckFunctionExists.c.o   -c /usr/share/cmake-3.9/Modules/CheckFunctionExists.c
Linking C executable cmTC_62ebe
/usr/bin/cmake -E cmake_link_script CMakeFiles/cmTC_62ebe.dir/link.txt --verbose=1
/usr/bin/cc  -DCHECK_FUNCTION_EXISTS=pthread_create    CMakeFiles/cmTC_62ebe.dir/CheckFunctionExists.c.o  -o cmTC_62ebe -lpthreads 
/usr/bin/ld: 找不到 -lpthreads
collect2: error: ld returned 1 exit status
CMakeFiles/cmTC_62ebe.dir/build.make:97: recipe for target 'cmTC_62ebe' failed
make[1]: *** [cmTC_62ebe] Error 1
make[1]: Leaving directory '/home/zz/cocos2dxProject/MyGame/linux-build/CMakeFiles/CMakeTmp'
Makefile:126: recipe for target 'cmTC_62ebe/fast' failed
make: *** [cmTC_62ebe/fast] Error 2


